INFO  [2020-05-07 13:05:03,810] org.eclipse.jetty.server.AbstractConnector: Stopped application@54d1608f{HTTP/1.1,[http/1.1]}{0.0.0.0:8085}
INFO  [2020-05-07 13:05:03,822] org.eclipse.jetty.server.AbstractConnector: Stopped admin@6f2e1024{HTTP/1.1,[http/1.1]}{0.0.0.0:8081}
INFO  [2020-05-07 13:05:03,838] org.eclipse.jetty.server.handler.ContextHandler: Stopped i.d.j.MutableServletContextHandler@226eba67{/,null,UNAVAILABLE}
INFO  [2020-05-07 13:05:03,914] org.eclipse.jetty.server.handler.ContextHandler: Stopped i.d.j.MutableServletContextHandler@3fbfbf84{/,null,UNAVAILABLE}
INFO  [2020-05-07 13:05:10,939] io.dropwizard.server.DefaultServerFactory: Registering jersey handler with root path prefix: /
INFO  [2020-05-07 13:05:10,942] io.dropwizard.server.DefaultServerFactory: Registering admin handler with root path prefix: /
INFO  [2020-05-07 13:05:11,804] io.dropwizard.server.ServerFactory: Starting Sample Service Application
INFO  [2020-05-07 13:05:11,953] org.eclipse.jetty.setuid.SetUIDListener: Opened application@54d1608f{HTTP/1.1,[http/1.1]}{0.0.0.0:8085}
INFO  [2020-05-07 13:05:11,954] org.eclipse.jetty.setuid.SetUIDListener: Opened admin@6f2e1024{HTTP/1.1,[http/1.1]}{0.0.0.0:8081}
INFO  [2020-05-07 13:05:11,958] org.eclipse.jetty.server.Server: jetty-9.4.19.v20190610; built: 2019-06-10T16:30:51.723Z; git: afcf563148970e98786327af5e07c261fda175d3; jvm 11.0.5+10-b520.30
ERROR [2020-05-07 13:05:12,712] org.apache.tomcat.jdbc.pool.ConnectionPool: Unable to create initial connections of pool.
! org.postgresql.util.PSQLException: FATAL: no pg_hba.conf entry for host "103.96.51.57", user "rmdtkisdjhrygn", database "d5o941vpmh268q", SSL off
! at org.postgresql.core.v3.ConnectionFactoryImpl.doAuthentication(ConnectionFactoryImpl.java:463)
! at org.postgresql.core.v3.ConnectionFactoryImpl.openConnectionImpl(ConnectionFactoryImpl.java:203)
! at org.postgresql.core.ConnectionFactory.openConnection(ConnectionFactory.java:49)
! at org.postgresql.jdbc.PgConnection.<init>(PgConnection.java:195)
! at org.postgresql.Driver.makeConnection(Driver.java:454)
! at org.postgresql.Driver.connect(Driver.java:256)
! at org.apache.tomcat.jdbc.pool.PooledConnection.connectUsingDriver(PooledConnection.java:319)
! at org.apache.tomcat.jdbc.pool.PooledConnection.connect(PooledConnection.java:212)
! at org.apache.tomcat.jdbc.pool.ConnectionPool.createConnection(ConnectionPool.java:744)
! at org.apache.tomcat.jdbc.pool.ConnectionPool.borrowConnection(ConnectionPool.java:676)
! at org.apache.tomcat.jdbc.pool.ConnectionPool.init(ConnectionPool.java:483)
! at org.apache.tomcat.jdbc.pool.ConnectionPool.<init>(ConnectionPool.java:154)
! at org.apache.tomcat.jdbc.pool.DataSourceProxy.pCreatePool(DataSourceProxy.java:118)
! at org.apache.tomcat.jdbc.pool.DataSourceProxy.createPool(DataSourceProxy.java:107)
! at io.dropwizard.db.ManagedPooledDataSource.start(ManagedPooledDataSource.java:37)
! at io.dropwizard.lifecycle.JettyManaged.doStart(JettyManaged.java:27)
! at org.eclipse.jetty.util.component.AbstractLifeCycle.start(AbstractLifeCycle.java:68)
! at org.eclipse.jetty.util.component.ContainerLifeCycle.start(ContainerLifeCycle.java:167)
! at org.eclipse.jetty.server.Server.start(Server.java:418)
! at org.eclipse.jetty.util.component.ContainerLifeCycle.doStart(ContainerLifeCycle.java:119)
! at org.eclipse.jetty.server.handler.AbstractHandler.doStart(AbstractHandler.java:113)
! at org.eclipse.jetty.server.Server.doStart(Server.java:382)
! at org.eclipse.jetty.util.component.AbstractLifeCycle.start(AbstractLifeCycle.java:68)
! at io.dropwizard.cli.ServerCommand.run(ServerCommand.java:53)
! at io.dropwizard.cli.EnvironmentCommand.run(EnvironmentCommand.java:44)
! at io.dropwizard.cli.ConfiguredCommand.run(ConfiguredCommand.java:87)
! at io.dropwizard.cli.Cli.run(Cli.java:78)
! at io.dropwizard.Application.run(Application.java:93)
! at io.dropwizard.numberplateService.main(numberplateService.java:22)
WARN  [2020-05-07 13:05:12,717] org.eclipse.jetty.util.component.AbstractLifeCycle: FAILED io.dropwizard.db.ManagedPooledDataSource@7c601d50{ConnectionPool[defaultAutoCommit=null; defaultReadOnly=null; defaultTransactionIsolation=-1; defaultCatalog=null; driverClassName=org.postgresql.Driver; maxActive=32; maxIdle=32; minIdle=8; initialSize=10; maxWait=1000; testOnBorrow=false; testOnReturn=false; timeBetweenEvictionRunsMillis=10000; numTestsPerEvictionRun=0; minEvictableIdleTimeMillis=60000; testWhileIdle=false; testOnConnect=true; password=********; url=jdbc:postgresql://ec2-52-71-231-180.compute-1.amazonaws.com/d5o941vpmh268q; username=rmdtkisdjhrygn; validationQuery=/* MyApplication Health Check */ select 1; validationQueryTimeout=-1; validatorClassName=null; validationInterval=30000; accessToUnderlyingConnectionAllowed=true; removeAbandoned=false; removeAbandonedTimeout=60; logAbandoned=false; connectionProperties=null; initSQL=null; jdbcInterceptors=null; jmxEnabled=true; fairQueue=true; useEquals=true; abandonWhenPercentageFull=0; maxAge=0; useLock=false; dataSource=null; dataSourceJNDI=null; suspectTimeout=0; alternateUsernameAllowed=false; commitOnReturn=false; rollbackOnReturn=false; useDisposableConnectionFacade=true; logValidationErrors=false; propagateInterruptState=false; ignoreExceptionOnPreLoad=false; useStatementFacade=true; }: org.postgresql.util.PSQLException: FATAL: no pg_hba.conf entry for host "103.96.51.57", user "rmdtkisdjhrygn", database "d5o941vpmh268q", SSL off
! org.postgresql.util.PSQLException: FATAL: no pg_hba.conf entry for host "103.96.51.57", user "rmdtkisdjhrygn", database "d5o941vpmh268q", SSL off
! at org.postgresql.core.v3.ConnectionFactoryImpl.doAuthentication(ConnectionFactoryImpl.java:463)
! at org.postgresql.core.v3.ConnectionFactoryImpl.openConnectionImpl(ConnectionFactoryImpl.java:203)
! at org.postgresql.core.ConnectionFactory.openConnection(ConnectionFactory.java:49)
! at org.postgresql.jdbc.PgConnection.<init>(PgConnection.java:195)
! at org.postgresql.Driver.makeConnection(Driver.java:454)
! at org.postgresql.Driver.connect(Driver.java:256)
! at org.apache.tomcat.jdbc.pool.PooledConnection.connectUsingDriver(PooledConnection.java:319)
! at org.apache.tomcat.jdbc.pool.PooledConnection.connect(PooledConnection.java:212)
! at org.apache.tomcat.jdbc.pool.ConnectionPool.createConnection(ConnectionPool.java:744)
! at org.apache.tomcat.jdbc.pool.ConnectionPool.borrowConnection(ConnectionPool.java:676)
! at org.apache.tomcat.jdbc.pool.ConnectionPool.init(ConnectionPool.java:483)
! at org.apache.tomcat.jdbc.pool.ConnectionPool.<init>(ConnectionPool.java:154)
! at org.apache.tomcat.jdbc.pool.DataSourceProxy.pCreatePool(DataSourceProxy.java:118)
! at org.apache.tomcat.jdbc.pool.DataSourceProxy.createPool(DataSourceProxy.java:107)
! at io.dropwizard.db.ManagedPooledDataSource.start(ManagedPooledDataSource.java:37)
! at io.dropwizard.lifecycle.JettyManaged.doStart(JettyManaged.java:27)
! at org.eclipse.jetty.util.component.AbstractLifeCycle.start(AbstractLifeCycle.java:68)
! at org.eclipse.jetty.util.component.ContainerLifeCycle.start(ContainerLifeCycle.java:167)
! at org.eclipse.jetty.server.Server.start(Server.java:418)
! at org.eclipse.jetty.util.component.ContainerLifeCycle.doStart(ContainerLifeCycle.java:119)
! at org.eclipse.jetty.server.handler.AbstractHandler.doStart(AbstractHandler.java:113)
! at org.eclipse.jetty.server.Server.doStart(Server.java:382)
! at org.eclipse.jetty.util.component.AbstractLifeCycle.start(AbstractLifeCycle.java:68)
! at io.dropwizard.cli.ServerCommand.run(ServerCommand.java:53)
! at io.dropwizard.cli.EnvironmentCommand.run(EnvironmentCommand.java:44)
! at io.dropwizard.cli.ConfiguredCommand.run(ConfiguredCommand.java:87)
! at io.dropwizard.cli.Cli.run(Cli.java:78)
! at io.dropwizard.Application.run(Application.java:93)
! at io.dropwizard.numberplateService.main(numberplateService.java:22)
WARN  [2020-05-07 13:05:12,727] org.eclipse.jetty.util.component.AbstractLifeCycle: FAILED Server@285c6918{FAILED}[9.4.19.v20190610]: org.postgresql.util.PSQLException: FATAL: no pg_hba.conf entry for host "103.96.51.57", user "rmdtkisdjhrygn", database "d5o941vpmh268q", SSL off
! org.postgresql.util.PSQLException: FATAL: no pg_hba.conf entry for host "103.96.51.57", user "rmdtkisdjhrygn", database "d5o941vpmh268q", SSL off
! at org.postgresql.core.v3.ConnectionFactoryImpl.doAuthentication(ConnectionFactoryImpl.java:463)
! at org.postgresql.core.v3.ConnectionFactoryImpl.openConnectionImpl(ConnectionFactoryImpl.java:203)
! at org.postgresql.core.ConnectionFactory.openConnection(ConnectionFactory.java:49)
! at org.postgresql.jdbc.PgConnection.<init>(PgConnection.java:195)
! at org.postgresql.Driver.makeConnection(Driver.java:454)
! at org.postgresql.Driver.connect(Driver.java:256)
! at org.apache.tomcat.jdbc.pool.PooledConnection.connectUsingDriver(PooledConnection.java:319)
! at org.apache.tomcat.jdbc.pool.PooledConnection.connect(PooledConnection.java:212)
! at org.apache.tomcat.jdbc.pool.ConnectionPool.createConnection(ConnectionPool.java:744)
! at org.apache.tomcat.jdbc.pool.ConnectionPool.borrowConnection(ConnectionPool.java:676)
! at org.apache.tomcat.jdbc.pool.ConnectionPool.init(ConnectionPool.java:483)
! at org.apache.tomcat.jdbc.pool.ConnectionPool.<init>(ConnectionPool.java:154)
! at org.apache.tomcat.jdbc.pool.DataSourceProxy.pCreatePool(DataSourceProxy.java:118)
! at org.apache.tomcat.jdbc.pool.DataSourceProxy.createPool(DataSourceProxy.java:107)
! at io.dropwizard.db.ManagedPooledDataSource.start(ManagedPooledDataSource.java:37)
! at io.dropwizard.lifecycle.JettyManaged.doStart(JettyManaged.java:27)
! at org.eclipse.jetty.util.component.AbstractLifeCycle.start(AbstractLifeCycle.java:68)
! at org.eclipse.jetty.util.component.ContainerLifeCycle.start(ContainerLifeCycle.java:167)
! at org.eclipse.jetty.server.Server.start(Server.java:418)
! at org.eclipse.jetty.util.component.ContainerLifeCycle.doStart(ContainerLifeCycle.java:119)
! at org.eclipse.jetty.server.handler.AbstractHandler.doStart(AbstractHandler.java:113)
! at org.eclipse.jetty.server.Server.doStart(Server.java:382)
! at org.eclipse.jetty.util.component.AbstractLifeCycle.start(AbstractLifeCycle.java:68)
! at io.dropwizard.cli.ServerCommand.run(ServerCommand.java:53)
! at io.dropwizard.cli.EnvironmentCommand.run(EnvironmentCommand.java:44)
! at io.dropwizard.cli.ConfiguredCommand.run(ConfiguredCommand.java:87)
! at io.dropwizard.cli.Cli.run(Cli.java:78)
! at io.dropwizard.Application.run(Application.java:93)
! at io.dropwizard.numberplateService.main(numberplateService.java:22)
ERROR [2020-05-07 13:05:12,727] io.dropwizard.cli.ServerCommand: Unable to start server, shutting down
! org.postgresql.util.PSQLException: FATAL: no pg_hba.conf entry for host "103.96.51.57", user "rmdtkisdjhrygn", database "d5o941vpmh268q", SSL off
! at org.postgresql.core.v3.ConnectionFactoryImpl.doAuthentication(ConnectionFactoryImpl.java:463)
! at org.postgresql.core.v3.ConnectionFactoryImpl.openConnectionImpl(ConnectionFactoryImpl.java:203)
! at org.postgresql.core.ConnectionFactory.openConnection(ConnectionFactory.java:49)
! at org.postgresql.jdbc.PgConnection.<init>(PgConnection.java:195)
! at org.postgresql.Driver.makeConnection(Driver.java:454)
! at org.postgresql.Driver.connect(Driver.java:256)
! at org.apache.tomcat.jdbc.pool.PooledConnection.connectUsingDriver(PooledConnection.java:319)
! at org.apache.tomcat.jdbc.pool.PooledConnection.connect(PooledConnection.java:212)
! at org.apache.tomcat.jdbc.pool.ConnectionPool.createConnection(ConnectionPool.java:744)
! at org.apache.tomcat.jdbc.pool.ConnectionPool.borrowConnection(ConnectionPool.java:676)
! at org.apache.tomcat.jdbc.pool.ConnectionPool.init(ConnectionPool.java:483)
! at org.apache.tomcat.jdbc.pool.ConnectionPool.<init>(ConnectionPool.java:154)
! at org.apache.tomcat.jdbc.pool.DataSourceProxy.pCreatePool(DataSourceProxy.java:118)
! at org.apache.tomcat.jdbc.pool.DataSourceProxy.createPool(DataSourceProxy.java:107)
! at io.dropwizard.db.ManagedPooledDataSource.start(ManagedPooledDataSource.java:37)
! at io.dropwizard.lifecycle.JettyManaged.doStart(JettyManaged.java:27)
! at org.eclipse.jetty.util.component.AbstractLifeCycle.start(AbstractLifeCycle.java:68)
! at org.eclipse.jetty.util.component.ContainerLifeCycle.start(ContainerLifeCycle.java:167)
! at org.eclipse.jetty.server.Server.start(Server.java:418)
! at org.eclipse.jetty.util.component.ContainerLifeCycle.doStart(ContainerLifeCycle.java:119)
! at org.eclipse.jetty.server.handler.AbstractHandler.doStart(AbstractHandler.java:113)
! at org.eclipse.jetty.server.Server.doStart(Server.java:382)
! at org.eclipse.jetty.util.component.AbstractLifeCycle.start(AbstractLifeCycle.java:68)
! at io.dropwizard.cli.ServerCommand.run(ServerCommand.java:53)
! at io.dropwizard.cli.EnvironmentCommand.run(EnvironmentCommand.java:44)
! at io.dropwizard.cli.ConfiguredCommand.run(ConfiguredCommand.java:87)
! at io.dropwizard.cli.Cli.run(Cli.java:78)
! at io.dropwizard.Application.run(Application.java:93)
! at io.dropwizard.numberplateService.main(numberplateService.java:22)
INFO  [2020-05-07 13:11:33,587] io.dropwizard.server.DefaultServerFactory: Registering jersey handler with root path prefix: /
INFO  [2020-05-07 13:11:33,589] io.dropwizard.server.DefaultServerFactory: Registering admin handler with root path prefix: /
INFO  [2020-05-07 13:11:34,250] io.dropwizard.server.ServerFactory: Starting Sample Service Application
INFO  [2020-05-07 13:11:34,382] org.eclipse.jetty.setuid.SetUIDListener: Opened application@7f608e21{HTTP/1.1,[http/1.1]}{0.0.0.0:8085}
INFO  [2020-05-07 13:11:34,382] org.eclipse.jetty.setuid.SetUIDListener: Opened admin@619f2afc{HTTP/1.1,[http/1.1]}{0.0.0.0:8081}
INFO  [2020-05-07 13:11:34,385] org.eclipse.jetty.server.Server: jetty-9.4.19.v20190610; built: 2019-06-10T16:30:51.723Z; git: afcf563148970e98786327af5e07c261fda175d3; jvm 11.0.5+10-b520.30
INFO  [2020-05-07 13:11:35,592] io.dropwizard.jersey.DropwizardResourceConfig: The following paths were found for the configured resources:

    GET     /anpr/get/{numberplate} (io.dropwizard.numberResourceImpl)
    GET     /anpr/getall (io.dropwizard.numberResourceImpl)
    GET     /anpraddtoll/{numberplate}/{toll} (io.dropwizard.numberResourceImpl)
    GET     /anpraddtollrecord/{code}/{type1}/{type2}/{type3}/{type4}/{type5}/{type6}/{typer1}/{typer2}/{typer3}/{typer4}/{typer5}/{typer6} (io.dropwizard.numberResourceImpl)
    GET     /anpraltertable/ (io.dropwizard.numberResourceImpl)
    GET     /anprcreatetable/ (io.dropwizard.numberResourceImpl)
    GET     /anprdelete/{numberplate} (io.dropwizard.numberResourceImpl)
    GET     /anprdeletetolldata/{code}/{exception} (io.dropwizard.numberResourceImpl)
    GET     /anprdeletetollrecord/{code} (io.dropwizard.numberResourceImpl)
    GET     /anprdeleteuser/{numberplate}/{name} (io.dropwizard.numberResourceImpl)
    GET     /anprgetallbyname/{name} (io.dropwizard.numberResourceImpl)
    GET     /anprgetallcardata/{numberplate} (io.dropwizard.numberResourceImpl)
    GET     /anprgetalllogin/ (io.dropwizard.numberResourceImpl)
    GET     /anprgetalltolldata/ (io.dropwizard.numberResourceImpl)
    GET     /anprgetalltollrecorddata/ (io.dropwizard.numberResourceImpl)
    GET     /anprgettolldata/{code}/{exception} (io.dropwizard.numberResourceImpl)
    GET     /anprgettolldatabycode/{code} (io.dropwizard.numberResourceImpl)
    GET     /anprinsert/{numberplate}/{license}/{mobile}/{name}/{toll}/{type} (io.dropwizard.numberResourceImpl)
    PUT     /anprinsertlogin/{username}/{password}/{type} (io.dropwizard.numberResourceImpl)
    GET     /anprinserttolldata/{code}/{exception} (io.dropwizard.numberResourceImpl)
    GET     /anprinsertuser/{numberplate}/{license}/{mobile}/{name}/{toll}/{type} (io.dropwizard.numberResourceImpl)
    GET     /anprremovetoll/{numberplate}/{toll}/{name} (io.dropwizard.numberResourceImpl)
    PUT     /anprsession/{username}/{password}/{type} (io.dropwizard.numberResourceImpl)
    GET     /anprupdate/{numberplate}/{license}/{mobile}/{name}/{toll}/{type} (io.dropwizard.numberResourceImpl)
    GET     /anprupdatetollrecord/{code}/{type1}/{type2}/{type3}/{type4}/{type5}/{type6} (io.dropwizard.numberResourceImpl)
    GET     /anprupdateuser/{numberplate}/{license}/{mobile}/{name}/{toll}/{type} (io.dropwizard.numberResourceImpl)

INFO  [2020-05-07 13:11:35,596] org.eclipse.jetty.server.handler.ContextHandler: Started i.d.j.MutableServletContextHandler@96a75da{/,null,AVAILABLE}
INFO  [2020-05-07 13:11:35,602] io.dropwizard.setup.AdminEnvironment: tasks = 

    POST    /tasks/log-level (io.dropwizard.servlets.tasks.LogConfigurationTask)
    POST    /tasks/gc (io.dropwizard.servlets.tasks.GarbageCollectionTask)

INFO  [2020-05-07 13:11:35,616] org.eclipse.jetty.server.handler.ContextHandler: Started i.d.j.MutableServletContextHandler@5b84f14{/,null,AVAILABLE}
INFO  [2020-05-07 13:11:35,662] org.eclipse.jetty.server.AbstractConnector: Started application@7f608e21{HTTP/1.1,[http/1.1]}{0.0.0.0:8085}
INFO  [2020-05-07 13:11:35,677] org.eclipse.jetty.server.AbstractConnector: Started admin@619f2afc{HTTP/1.1,[http/1.1]}{0.0.0.0:8081}
INFO  [2020-05-07 13:11:35,678] org.eclipse.jetty.server.Server: Started @4771ms
INFO  [2020-05-07 13:12:52,133] org.eclipse.jetty.server.AbstractConnector: Stopped application@7f608e21{HTTP/1.1,[http/1.1]}{0.0.0.0:8085}
INFO  [2020-05-07 13:12:52,141] org.eclipse.jetty.server.AbstractConnector: Stopped admin@619f2afc{HTTP/1.1,[http/1.1]}{0.0.0.0:8081}
INFO  [2020-05-07 13:12:52,145] org.eclipse.jetty.server.handler.ContextHandler: Stopped i.d.j.MutableServletContextHandler@5b84f14{/,null,UNAVAILABLE}
INFO  [2020-05-07 13:12:52,167] org.eclipse.jetty.server.handler.ContextHandler: Stopped i.d.j.MutableServletContextHandler@96a75da{/,null,UNAVAILABLE}
INFO  [2020-05-07 13:12:55,862] io.dropwizard.server.DefaultServerFactory: Registering jersey handler with root path prefix: /
INFO  [2020-05-07 13:12:55,864] io.dropwizard.server.DefaultServerFactory: Registering admin handler with root path prefix: /
INFO  [2020-05-07 13:12:56,396] io.dropwizard.server.ServerFactory: Starting Sample Service Application
INFO  [2020-05-07 13:12:56,520] org.eclipse.jetty.setuid.SetUIDListener: Opened application@6949e948{HTTP/1.1,[http/1.1]}{0.0.0.0:8085}
INFO  [2020-05-07 13:12:56,520] org.eclipse.jetty.setuid.SetUIDListener: Opened admin@df921b1{HTTP/1.1,[http/1.1]}{0.0.0.0:8081}
INFO  [2020-05-07 13:12:56,524] org.eclipse.jetty.server.Server: jetty-9.4.19.v20190610; built: 2019-06-10T16:30:51.723Z; git: afcf563148970e98786327af5e07c261fda175d3; jvm 11.0.5+10-b520.30
ERROR [2020-05-07 13:12:57,157] org.apache.tomcat.jdbc.pool.ConnectionPool: Unable to create initial connections of pool.
! org.postgresql.util.PSQLException: FATAL: no pg_hba.conf entry for host "103.96.51.57", user "rmdtkisdjhrygn", database "d5o941vpmh268q", SSL off
! at org.postgresql.core.v3.ConnectionFactoryImpl.doAuthentication(ConnectionFactoryImpl.java:463)
! at org.postgresql.core.v3.ConnectionFactoryImpl.openConnectionImpl(ConnectionFactoryImpl.java:203)
! at org.postgresql.core.ConnectionFactory.openConnection(ConnectionFactory.java:49)
! at org.postgresql.jdbc.PgConnection.<init>(PgConnection.java:195)
! at org.postgresql.Driver.makeConnection(Driver.java:454)
! at org.postgresql.Driver.connect(Driver.java:256)
! at org.apache.tomcat.jdbc.pool.PooledConnection.connectUsingDriver(PooledConnection.java:319)
! at org.apache.tomcat.jdbc.pool.PooledConnection.connect(PooledConnection.java:212)
! at org.apache.tomcat.jdbc.pool.ConnectionPool.createConnection(ConnectionPool.java:744)
! at org.apache.tomcat.jdbc.pool.ConnectionPool.borrowConnection(ConnectionPool.java:676)
! at org.apache.tomcat.jdbc.pool.ConnectionPool.init(ConnectionPool.java:483)
! at org.apache.tomcat.jdbc.pool.ConnectionPool.<init>(ConnectionPool.java:154)
! at org.apache.tomcat.jdbc.pool.DataSourceProxy.pCreatePool(DataSourceProxy.java:118)
! at org.apache.tomcat.jdbc.pool.DataSourceProxy.createPool(DataSourceProxy.java:107)
! at io.dropwizard.db.ManagedPooledDataSource.start(ManagedPooledDataSource.java:37)
! at io.dropwizard.lifecycle.JettyManaged.doStart(JettyManaged.java:27)
! at org.eclipse.jetty.util.component.AbstractLifeCycle.start(AbstractLifeCycle.java:68)
! at org.eclipse.jetty.util.component.ContainerLifeCycle.start(ContainerLifeCycle.java:167)
! at org.eclipse.jetty.server.Server.start(Server.java:418)
! at org.eclipse.jetty.util.component.ContainerLifeCycle.doStart(ContainerLifeCycle.java:119)
! at org.eclipse.jetty.server.handler.AbstractHandler.doStart(AbstractHandler.java:113)
! at org.eclipse.jetty.server.Server.doStart(Server.java:382)
! at org.eclipse.jetty.util.component.AbstractLifeCycle.start(AbstractLifeCycle.java:68)
! at io.dropwizard.cli.ServerCommand.run(ServerCommand.java:53)
! at io.dropwizard.cli.EnvironmentCommand.run(EnvironmentCommand.java:44)
! at io.dropwizard.cli.ConfiguredCommand.run(ConfiguredCommand.java:87)
! at io.dropwizard.cli.Cli.run(Cli.java:78)
! at io.dropwizard.Application.run(Application.java:93)
! at io.dropwizard.numberplateService.main(numberplateService.java:22)
WARN  [2020-05-07 13:12:57,160] org.eclipse.jetty.util.component.AbstractLifeCycle: FAILED io.dropwizard.db.ManagedPooledDataSource@60c73e58{ConnectionPool[defaultAutoCommit=null; defaultReadOnly=null; defaultTransactionIsolation=-1; defaultCatalog=null; driverClassName=org.postgresql.Driver; maxActive=32; maxIdle=32; minIdle=8; initialSize=10; maxWait=1000; testOnBorrow=false; testOnReturn=false; timeBetweenEvictionRunsMillis=10000; numTestsPerEvictionRun=0; minEvictableIdleTimeMillis=60000; testWhileIdle=false; testOnConnect=true; password=********; url=jdbc:postgresql://ec2-52-71-231-180.compute-1.amazonaws.com/d5o941vpmh268q; username=rmdtkisdjhrygn; validationQuery=/* MyApplication Health Check */ select 1; validationQueryTimeout=-1; validatorClassName=null; validationInterval=30000; accessToUnderlyingConnectionAllowed=true; removeAbandoned=false; removeAbandonedTimeout=60; logAbandoned=false; connectionProperties=null; initSQL=null; jdbcInterceptors=null; jmxEnabled=true; fairQueue=true; useEquals=true; abandonWhenPercentageFull=0; maxAge=0; useLock=false; dataSource=null; dataSourceJNDI=null; suspectTimeout=0; alternateUsernameAllowed=false; commitOnReturn=false; rollbackOnReturn=false; useDisposableConnectionFacade=true; logValidationErrors=false; propagateInterruptState=false; ignoreExceptionOnPreLoad=false; useStatementFacade=true; }: org.postgresql.util.PSQLException: FATAL: no pg_hba.conf entry for host "103.96.51.57", user "rmdtkisdjhrygn", database "d5o941vpmh268q", SSL off
! org.postgresql.util.PSQLException: FATAL: no pg_hba.conf entry for host "103.96.51.57", user "rmdtkisdjhrygn", database "d5o941vpmh268q", SSL off
! at org.postgresql.core.v3.ConnectionFactoryImpl.doAuthentication(ConnectionFactoryImpl.java:463)
! at org.postgresql.core.v3.ConnectionFactoryImpl.openConnectionImpl(ConnectionFactoryImpl.java:203)
! at org.postgresql.core.ConnectionFactory.openConnection(ConnectionFactory.java:49)
! at org.postgresql.jdbc.PgConnection.<init>(PgConnection.java:195)
! at org.postgresql.Driver.makeConnection(Driver.java:454)
! at org.postgresql.Driver.connect(Driver.java:256)
! at org.apache.tomcat.jdbc.pool.PooledConnection.connectUsingDriver(PooledConnection.java:319)
! at org.apache.tomcat.jdbc.pool.PooledConnection.connect(PooledConnection.java:212)
! at org.apache.tomcat.jdbc.pool.ConnectionPool.createConnection(ConnectionPool.java:744)
! at org.apache.tomcat.jdbc.pool.ConnectionPool.borrowConnection(ConnectionPool.java:676)
! at org.apache.tomcat.jdbc.pool.ConnectionPool.init(ConnectionPool.java:483)
! at org.apache.tomcat.jdbc.pool.ConnectionPool.<init>(ConnectionPool.java:154)
! at org.apache.tomcat.jdbc.pool.DataSourceProxy.pCreatePool(DataSourceProxy.java:118)
! at org.apache.tomcat.jdbc.pool.DataSourceProxy.createPool(DataSourceProxy.java:107)
! at io.dropwizard.db.ManagedPooledDataSource.start(ManagedPooledDataSource.java:37)
! at io.dropwizard.lifecycle.JettyManaged.doStart(JettyManaged.java:27)
! at org.eclipse.jetty.util.component.AbstractLifeCycle.start(AbstractLifeCycle.java:68)
! at org.eclipse.jetty.util.component.ContainerLifeCycle.start(ContainerLifeCycle.java:167)
! at org.eclipse.jetty.server.Server.start(Server.java:418)
! at org.eclipse.jetty.util.component.ContainerLifeCycle.doStart(ContainerLifeCycle.java:119)
! at org.eclipse.jetty.server.handler.AbstractHandler.doStart(AbstractHandler.java:113)
! at org.eclipse.jetty.server.Server.doStart(Server.java:382)
! at org.eclipse.jetty.util.component.AbstractLifeCycle.start(AbstractLifeCycle.java:68)
! at io.dropwizard.cli.ServerCommand.run(ServerCommand.java:53)
! at io.dropwizard.cli.EnvironmentCommand.run(EnvironmentCommand.java:44)
! at io.dropwizard.cli.ConfiguredCommand.run(ConfiguredCommand.java:87)
! at io.dropwizard.cli.Cli.run(Cli.java:78)
! at io.dropwizard.Application.run(Application.java:93)
! at io.dropwizard.numberplateService.main(numberplateService.java:22)
WARN  [2020-05-07 13:12:57,165] org.eclipse.jetty.util.component.AbstractLifeCycle: FAILED Server@6fbb4061{FAILED}[9.4.19.v20190610]: org.postgresql.util.PSQLException: FATAL: no pg_hba.conf entry for host "103.96.51.57", user "rmdtkisdjhrygn", database "d5o941vpmh268q", SSL off
! org.postgresql.util.PSQLException: FATAL: no pg_hba.conf entry for host "103.96.51.57", user "rmdtkisdjhrygn", database "d5o941vpmh268q", SSL off
! at org.postgresql.core.v3.ConnectionFactoryImpl.doAuthentication(ConnectionFactoryImpl.java:463)
! at org.postgresql.core.v3.ConnectionFactoryImpl.openConnectionImpl(ConnectionFactoryImpl.java:203)
! at org.postgresql.core.ConnectionFactory.openConnection(ConnectionFactory.java:49)
! at org.postgresql.jdbc.PgConnection.<init>(PgConnection.java:195)
! at org.postgresql.Driver.makeConnection(Driver.java:454)
! at org.postgresql.Driver.connect(Driver.java:256)
! at org.apache.tomcat.jdbc.pool.PooledConnection.connectUsingDriver(PooledConnection.java:319)
! at org.apache.tomcat.jdbc.pool.PooledConnection.connect(PooledConnection.java:212)
! at org.apache.tomcat.jdbc.pool.ConnectionPool.createConnection(ConnectionPool.java:744)
! at org.apache.tomcat.jdbc.pool.ConnectionPool.borrowConnection(ConnectionPool.java:676)
! at org.apache.tomcat.jdbc.pool.ConnectionPool.init(ConnectionPool.java:483)
! at org.apache.tomcat.jdbc.pool.ConnectionPool.<init>(ConnectionPool.java:154)
! at org.apache.tomcat.jdbc.pool.DataSourceProxy.pCreatePool(DataSourceProxy.java:118)
! at org.apache.tomcat.jdbc.pool.DataSourceProxy.createPool(DataSourceProxy.java:107)
! at io.dropwizard.db.ManagedPooledDataSource.start(ManagedPooledDataSource.java:37)
! at io.dropwizard.lifecycle.JettyManaged.doStart(JettyManaged.java:27)
! at org.eclipse.jetty.util.component.AbstractLifeCycle.start(AbstractLifeCycle.java:68)
! at org.eclipse.jetty.util.component.ContainerLifeCycle.start(ContainerLifeCycle.java:167)
! at org.eclipse.jetty.server.Server.start(Server.java:418)
! at org.eclipse.jetty.util.component.ContainerLifeCycle.doStart(ContainerLifeCycle.java:119)
! at org.eclipse.jetty.server.handler.AbstractHandler.doStart(AbstractHandler.java:113)
! at org.eclipse.jetty.server.Server.doStart(Server.java:382)
! at org.eclipse.jetty.util.component.AbstractLifeCycle.start(AbstractLifeCycle.java:68)
! at io.dropwizard.cli.ServerCommand.run(ServerCommand.java:53)
! at io.dropwizard.cli.EnvironmentCommand.run(EnvironmentCommand.java:44)
! at io.dropwizard.cli.ConfiguredCommand.run(ConfiguredCommand.java:87)
! at io.dropwizard.cli.Cli.run(Cli.java:78)
! at io.dropwizard.Application.run(Application.java:93)
! at io.dropwizard.numberplateService.main(numberplateService.java:22)
ERROR [2020-05-07 13:12:57,165] io.dropwizard.cli.ServerCommand: Unable to start server, shutting down
! org.postgresql.util.PSQLException: FATAL: no pg_hba.conf entry for host "103.96.51.57", user "rmdtkisdjhrygn", database "d5o941vpmh268q", SSL off
! at org.postgresql.core.v3.ConnectionFactoryImpl.doAuthentication(ConnectionFactoryImpl.java:463)
! at org.postgresql.core.v3.ConnectionFactoryImpl.openConnectionImpl(ConnectionFactoryImpl.java:203)
! at org.postgresql.core.ConnectionFactory.openConnection(ConnectionFactory.java:49)
! at org.postgresql.jdbc.PgConnection.<init>(PgConnection.java:195)
! at org.postgresql.Driver.makeConnection(Driver.java:454)
! at org.postgresql.Driver.connect(Driver.java:256)
! at org.apache.tomcat.jdbc.pool.PooledConnection.connectUsingDriver(PooledConnection.java:319)
! at org.apache.tomcat.jdbc.pool.PooledConnection.connect(PooledConnection.java:212)
! at org.apache.tomcat.jdbc.pool.ConnectionPool.createConnection(ConnectionPool.java:744)
! at org.apache.tomcat.jdbc.pool.ConnectionPool.borrowConnection(ConnectionPool.java:676)
! at org.apache.tomcat.jdbc.pool.ConnectionPool.init(ConnectionPool.java:483)
! at org.apache.tomcat.jdbc.pool.ConnectionPool.<init>(ConnectionPool.java:154)
! at org.apache.tomcat.jdbc.pool.DataSourceProxy.pCreatePool(DataSourceProxy.java:118)
! at org.apache.tomcat.jdbc.pool.DataSourceProxy.createPool(DataSourceProxy.java:107)
! at io.dropwizard.db.ManagedPooledDataSource.start(ManagedPooledDataSource.java:37)
! at io.dropwizard.lifecycle.JettyManaged.doStart(JettyManaged.java:27)
! at org.eclipse.jetty.util.component.AbstractLifeCycle.start(AbstractLifeCycle.java:68)
! at org.eclipse.jetty.util.component.ContainerLifeCycle.start(ContainerLifeCycle.java:167)
! at org.eclipse.jetty.server.Server.start(Server.java:418)
! at org.eclipse.jetty.util.component.ContainerLifeCycle.doStart(ContainerLifeCycle.java:119)
! at org.eclipse.jetty.server.handler.AbstractHandler.doStart(AbstractHandler.java:113)
! at org.eclipse.jetty.server.Server.doStart(Server.java:382)
! at org.eclipse.jetty.util.component.AbstractLifeCycle.start(AbstractLifeCycle.java:68)
! at io.dropwizard.cli.ServerCommand.run(ServerCommand.java:53)
! at io.dropwizard.cli.EnvironmentCommand.run(EnvironmentCommand.java:44)
! at io.dropwizard.cli.ConfiguredCommand.run(ConfiguredCommand.java:87)
! at io.dropwizard.cli.Cli.run(Cli.java:78)
! at io.dropwizard.Application.run(Application.java:93)
! at io.dropwizard.numberplateService.main(numberplateService.java:22)
